Copyright 1986-2022 Xilinx, Inc. All Rights Reserved. Copyright 2022-2023 Advanced Micro Devices, Inc. All Rights Reserved.
-------------------------------------------------------------------------------------------------------------------------------------------------
| Tool Version     : Vivado v.2023.1 (lin64) Build 3865809 Sun May  7 15:04:56 MDT 2023
| Date             : Wed Nov 29 19:21:24 2023
| Host             : worker running 64-bit Ubuntu 20.04.6 LTS
| Command          : report_power -file obj/post_route_power.rpt
| Design           : top_level
| Device           : xc7s50csga324-1
| Design State     : routed
| Grade            : commercial
| Process          : typical
| Characterization : Production
-------------------------------------------------------------------------------------------------------------------------------------------------

Power Report

Table of Contents
-----------------
1. Summary
1.1 On-Chip Components
1.2 Power Supply Summary
1.3 Confidence Level
2. Settings
2.1 Environment
2.2 Clock Constraints
3. Detailed Reports
3.1 By Hierarchy

1. Summary
----------

+--------------------------+--------------+
| Total On-Chip Power (W)  | 0.384        |
| Design Power Budget (W)  | Unspecified* |
| Power Budget Margin (W)  | NA           |
| Dynamic (W)              | 0.309        |
| Device Static (W)        | 0.075        |
| Effective TJA (C/W)      | 4.9          |
| Max Ambient (C)          | 83.1         |
| Junction Temperature (C) | 26.9         |
| Confidence Level         | Low          |
| Setting File             | ---          |
| Simulation Activity File | ---          |
| Design Nets Matched      | NA           |
+--------------------------+--------------+
* Specify Design Power Budget using, set_operating_conditions -design_power_budget <value in Watts>


1.1 On-Chip Components
----------------------

+-------------------------+-----------+----------+-----------+-----------------+
| On-Chip                 | Power (W) | Used     | Available | Utilization (%) |
+-------------------------+-----------+----------+-----------+-----------------+
| Clocks                  |     0.033 |        6 |       --- |             --- |
| Slice Logic             |     0.007 |    19145 |       --- |             --- |
|   LUT as Logic          |     0.006 |     6839 |     32600 |           20.98 |
|   Register              |    <0.001 |     8362 |     65200 |           12.83 |
|   CARRY4                |    <0.001 |     2021 |      8150 |           24.80 |
|   F7/F8 Muxes           |    <0.001 |        9 |     32600 |            0.03 |
|   LUT as Shift Register |    <0.001 |       13 |      9600 |            0.14 |
|   Others                |     0.000 |      216 |       --- |             --- |
| Signals                 |     0.009 |    11614 |       --- |             --- |
| Block RAM               |     0.005 |     50.5 |        75 |           67.33 |
| MMCM                    |     0.105 |        1 |         5 |           20.00 |
| DSPs                    |    <0.001 |        2 |       120 |            1.67 |
| I/O                     |     0.149 |       64 |       210 |           30.48 |
| Static Power            |     0.075 |          |           |                 |
| Total                   |     0.384 |          |           |                 |
+-------------------------+-----------+----------+-----------+-----------------+


1.2 Power Supply Summary
------------------------

+-----------+-------------+-----------+-------------+------------+-------------+-------------+------------+
| Source    | Voltage (V) | Total (A) | Dynamic (A) | Static (A) | Powerup (A) | Budget (A)  | Margin (A) |
+-----------+-------------+-----------+-------------+------------+-------------+-------------+------------+
| Vccint    |       1.000 |     0.068 |       0.057 |      0.011 |       NA    | Unspecified | NA         |
| Vccaux    |       1.800 |     0.071 |       0.059 |      0.013 |       NA    | Unspecified | NA         |
| Vcco33    |       3.300 |     0.045 |       0.044 |      0.001 |       NA    | Unspecified | NA         |
| Vcco25    |       2.500 |     0.000 |       0.000 |      0.000 |       NA    | Unspecified | NA         |
| Vcco18    |       1.800 |     0.000 |       0.000 |      0.000 |       NA    | Unspecified | NA         |
| Vcco15    |       1.500 |     0.000 |       0.000 |      0.000 |       NA    | Unspecified | NA         |
| Vcco135   |       1.350 |     0.000 |       0.000 |      0.000 |       NA    | Unspecified | NA         |
| Vcco12    |       1.200 |     0.000 |       0.000 |      0.000 |       NA    | Unspecified | NA         |
| Vccaux_io |       1.800 |     0.000 |       0.000 |      0.000 |       NA    | Unspecified | NA         |
| Vccbram   |       1.000 |     0.002 |       0.000 |      0.001 |       NA    | Unspecified | NA         |
| Vccadc    |       1.800 |     0.020 |       0.000 |      0.020 |       NA    | Unspecified | NA         |
+-----------+-------------+-----------+-------------+------------+-------------+-------------+------------+


1.3 Confidence Level
--------------------

+-----------------------------+------------+--------------------------------------------------------+------------------------------------------------------------------------------------------------------------+
| User Input Data             | Confidence | Details                                                | Action                                                                                                     |
+-----------------------------+------------+--------------------------------------------------------+------------------------------------------------------------------------------------------------------------+
| Design implementation state | High       | Design is routed                                       |                                                                                                            |
| Clock nodes activity        | High       | User specified more than 95% of clocks                 |                                                                                                            |
| I/O nodes activity          | Low        | More than 75% of inputs are missing user specification | Provide missing input activity with simulation results or by editing the "By Resource Type -> I/Os" view   |
| Internal nodes activity     | Medium     | User specified less than 25% of internal nodes         | Provide missing internal nodes activity with simulation results or by editing the "By Resource Type" views |
| Device models               | High       | Device models are Production                           |                                                                                                            |
|                             |            |                                                        |                                                                                                            |
| Overall confidence level    | Low        |                                                        |                                                                                                            |
+-----------------------------+------------+--------------------------------------------------------+------------------------------------------------------------------------------------------------------------+


2. Settings
-----------

2.1 Environment
---------------

+-----------------------+--------------------------+
| Ambient Temp (C)      | 25.0                     |
| ThetaJA (C/W)         | 4.9                      |
| Airflow (LFM)         | 250                      |
| Heat Sink             | medium (Medium Profile)  |
| ThetaSA (C/W)         | 4.6                      |
| Board Selection       | medium (10"x10")         |
| # of Board Layers     | 12to15 (12 to 15 Layers) |
| Board Temperature (C) | 25.0                     |
+-----------------------+--------------------------+


2.2 Clock Constraints
---------------------

+---------------------+-----------------------------+-----------------+
| Clock               | Domain                      | Constraint (ns) |
+---------------------+-----------------------------+-----------------+
| clk_pixel_clk_wiz_0 | mhdmicw/clk_pixel_clk_wiz_0 |            13.5 |
| clk_tmds_clk_wiz_0  | mhdmicw/clk_tmds_clk_wiz_0  |             2.7 |
| clkfbout_clk_wiz_0  | mhdmicw/clkfbout_clk_wiz_0  |            50.0 |
| gclk                | clk_100mhz                  |            10.0 |
+---------------------+-----------------------------+-----------------+


3. Detailed Reports
-------------------

3.1 By Hierarchy
----------------

+-----------------------------+-----------+
| Name                        | Power (W) |
+-----------------------------+-----------+
| top_level                   |     0.309 |
|   bicubic_interpolation_m   |     0.032 |
|     blue_bicubic_instance   |     0.010 |
|     green_bicubic_instance  |     0.011 |
|       pixel_1_1             |     0.001 |
|       pixel_3_1             |     0.001 |
|       pixel_3_3             |     0.001 |
|     red_bicubic_instance    |     0.010 |
|   frame_buffer              |     0.004 |
|   image_filter_m            |     0.007 |
|     blue_filter             |     0.002 |
|     green_filter            |     0.002 |
|       negative_image_filter |     0.001 |
|       positive_image_filter |     0.001 |
|     red_filter              |     0.002 |
|       negative_image_filter |     0.001 |
|       positive_image_filter |     0.001 |
|   mhdmicw                   |     0.105 |
|   upscaled_frame_buffer_m   |     0.005 |
|   upscaling_pixel_shift     |     0.001 |
+-----------------------------+-----------+


