Copyright 1986-2022 Xilinx, Inc. All Rights Reserved. Copyright 2022-2023 Advanced Micro Devices, Inc. All Rights Reserved.
---------------------------------------------------------------------------------------------------------------------------------------------
| Tool Version : Vivado v.2023.1 (lin64) Build 3865809 Sun May  7 15:04:56 MDT 2023
| Date         : Wed Nov 29 19:20:51 2023
| Host         : worker running 64-bit Ubuntu 20.04.6 LTS
| Command      : report_timing -file obj/post_place_timing.rpt
| Design       : top_level
| Device       : 7s50-csga324
| Speed File   : -1  PRODUCTION 1.23 2018-06-13
| Design State : Fully Placed
---------------------------------------------------------------------------------------------------------------------------------------------

Timing Report

Slack (MET) :             3.878ns  (required time - arrival time)
  Source:                 addra0/CLK
                            (rising edge-triggered cell DSP48E1 clocked by clk_pixel_clk_wiz_0  {rise@0.000ns fall@6.734ns period=13.468ns})
  Destination:            frame_buffer/BRAM_reg_1_0__0/ENARDEN
                            (rising edge-triggered cell RAMB36E1 clocked by clk_pixel_clk_wiz_0  {rise@0.000ns fall@6.734ns period=13.468ns})
  Path Group:             clk_pixel_clk_wiz_0
  Path Type:              Setup (Max at Slow Process Corner)
  Requirement:            13.468ns  (clk_pixel_clk_wiz_0 rise@13.468ns - clk_pixel_clk_wiz_0 rise@0.000ns)
  Data Path Delay:        8.839ns  (logic 4.133ns (46.759%)  route 4.706ns (53.241%))
  Logic Levels:           1  (LUT3=1)
  Clock Path Skew:        -0.140ns (DCD - SCD + CPR)
    Destination Clock Delay (DCD):    -1.565ns = ( 11.903 - 13.468 ) 
    Source Clock Delay      (SCD):    -0.951ns
    Clock Pessimism Removal (CPR):    0.474ns
  Clock Uncertainty:      0.168ns  ((TSJ^2 + DJ^2)^1/2) / 2 + PE
    Total System Jitter     (TSJ):    0.071ns
    Discrete Jitter          (DJ):    0.329ns
    Phase Error              (PE):    0.000ns

    Location             Delay type                Incr(ns)  Path(ns)    Netlist Resource(s)
  -------------------------------------------------------------------    -------------------
                         (clock clk_pixel_clk_wiz_0 rise edge)
                                                      0.000     0.000 r  
    N15                                               0.000     0.000 r  clk_100mhz (IN)
                         net (fo=0)                   0.000     0.000    mhdmicw/clk_100mhz
    N15                  IBUF (Prop_ibuf_I_O)         1.440     1.440 r  mhdmicw/clkin1_ibufg/O
                         net (fo=1, estimated)        1.233     2.673    mhdmicw/clk_ref_clk_wiz_0
    MMCME2_ADV_X0Y0      MMCME2_ADV (Prop_mmcme2_adv_CLKIN1_CLKOUT0)
                                                     -7.025    -4.352 r  mhdmicw/mmcm_adv_inst/CLKOUT0
                         net (fo=1, estimated)        1.666    -2.686    mhdmicw/clk_pixel_clk_wiz_0
    BUFGCTRL_X0Y0        BUFG (Prop_bufg_I_O)         0.096    -2.590 r  mhdmicw/clkout1_buf/O
                         net (fo=8494, estimated)     1.639    -0.951    clk_pixel
    DSP48_X1Y26          DSP48E1                                      r  addra0/CLK
  -------------------------------------------------------------------    -------------------
    DSP48_X1Y26          DSP48E1 (Prop_dsp48e1_CLK_P[15])
                                                      4.009     3.058 f  addra0/P[15]
                         net (fo=80, estimated)       2.925     5.983    recover_m/P[0]
    SLICE_X51Y11         LUT3 (Prop_lut3_I1_O)        0.124     6.107 r  recover_m/BRAM_reg_1_0__0_i_3/O
                         net (fo=1, estimated)        1.781     7.888    frame_buffer/BRAM_reg_1_0__0_0[0]
    RAMB36_X2Y8          RAMB36E1                                     r  frame_buffer/BRAM_reg_1_0__0/ENARDEN
  -------------------------------------------------------------------    -------------------

                         (clock clk_pixel_clk_wiz_0 rise edge)
                                                     13.468    13.468 r  
    N15                                               0.000    13.468 r  clk_100mhz (IN)
                         net (fo=0)                   0.000    13.468    mhdmicw/clk_100mhz
    N15                  IBUF (Prop_ibuf_I_O)         1.370    14.838 r  mhdmicw/clkin1_ibufg/O
                         net (fo=1, estimated)        1.171    16.010    mhdmicw/clk_ref_clk_wiz_0
    MMCME2_ADV_X0Y0      MMCME2_ADV (Prop_mmcme2_adv_CLKIN1_CLKOUT0)
                                                     -7.279     8.731 r  mhdmicw/mmcm_adv_inst/CLKOUT0
                         net (fo=1, estimated)        1.583    10.314    mhdmicw/clk_pixel_clk_wiz_0
    BUFGCTRL_X0Y0        BUFG (Prop_bufg_I_O)         0.091    10.405 r  mhdmicw/clkout1_buf/O
                         net (fo=8494, estimated)     1.498    11.903    frame_buffer/clk_pixel
    RAMB36_X2Y8          RAMB36E1                                     r  frame_buffer/BRAM_reg_1_0__0/CLKARDCLK
                         clock pessimism              0.474    12.377    
                         clock uncertainty           -0.168    12.209    
    RAMB36_X2Y8          RAMB36E1 (Setup_ramb36e1_CLKARDCLK_ENARDEN)
                                                     -0.443    11.766    frame_buffer/BRAM_reg_1_0__0
  -------------------------------------------------------------------
                         required time                         11.766    
                         arrival time                          -7.888    
  -------------------------------------------------------------------
                         slack                                  3.878    




